2016-08-03 16:07:10,039 - streamparse.stdout - INFO - creating listener-----------------------------------------------------------------------------------------------------------------------------------------------------------------------------------------------------------------------------------------------------------------------
2016-08-03 16:07:10,111 - streamparse.storm.component - ERROR - Exception in Tweets.run()
Traceback (most recent call last):
  File "/usr/lib/python2.7/site-packages/streamparse/storm/component.py", line 489, in run
    self._run()
  File "/usr/lib/python2.7/site-packages/streamparse/storm/spout.py", line 150, in _run
    self.next_tuple()
  File "spouts/tweets.py", line 104, in next_tuple
    tweet = next(self.stream)
TypeError: Stream object is not an iterator
2016-08-03 16:07:10,130 - requests_oauthlib.oauth1_auth - DEBUG - Signing request <PreparedRequest [POST]> using client <Client nonce=None, signature_method=HMAC-SHA1, realm=None, encoding=utf-8, timestamp=None, resource_owner_secret=****, decoding=None, verifier=None, signature_type=AUTH_HEADER, rsa_key=None, resource_owner_key=3807035249-xktzGi7k8UHo6yw6bJny44DGBV7Pcw3dFPLGUQ3, client_secret=****, callback_uri=None, client_key=w5NwGVgNGlNbfMEgcPVdcp3z8>
2016-08-03 16:07:10,130 - requests_oauthlib.oauth1_auth - DEBUG - Including body in call to sign: True
2016-08-03 16:07:10,131 - oauthlib.oauth1.rfc5849 - DEBUG - Collected params: [(u'delimited', u'length'), (u'oauth_nonce', u'75472276215891553141470240430'), (u'oauth_timestamp', u'1470240430'), (u'oauth_consumer_key', u'w5NwGVgNGlNbfMEgcPVdcp3z8'), (u'oauth_signature_method', u'HMAC-SHA1'), (u'oauth_version', u'1.0'), (u'oauth_token', u'3807035249-xktzGi7k8UHo6yw6bJny44DGBV7Pcw3dFPLGUQ3'), (u'track', u'a,the,i,you,u'), (u'language', u'en')]
2016-08-03 16:07:10,147 - oauthlib.oauth1.rfc5849 - DEBUG - Normalized params: delimited=length&language=en&oauth_consumer_key=w5NwGVgNGlNbfMEgcPVdcp3z8&oauth_nonce=75472276215891553141470240430&oauth_signature_method=HMAC-SHA1&oauth_timestamp=1470240430&oauth_token=3807035249-xktzGi7k8UHo6yw6bJny44DGBV7Pcw3dFPLGUQ3&oauth_version=1.0&track=a%2Cthe%2Ci%2Cyou%2Cu
2016-08-03 16:07:10,147 - oauthlib.oauth1.rfc5849 - DEBUG - Normalized URI: https://stream.twitter.com/1.1/statuses/filter.json
2016-08-03 16:07:10,147 - oauthlib.oauth1.rfc5849 - DEBUG - Base signing string: POST&https%3A%2F%2Fstream.twitter.com%2F1.1%2Fstatuses%2Ffilter.json&delimited%3Dlength%26language%3Den%26oauth_consumer_key%3Dw5NwGVgNGlNbfMEgcPVdcp3z8%26oauth_nonce%3D75472276215891553141470240430%26oauth_signature_method%3DHMAC-SHA1%26oauth_timestamp%3D1470240430%26oauth_token%3D3807035249-xktzGi7k8UHo6yw6bJny44DGBV7Pcw3dFPLGUQ3%26oauth_version%3D1.0%26track%3Da%252Cthe%252Ci%252Cyou%252Cu
2016-08-03 16:07:10,147 - oauthlib.oauth1.rfc5849 - DEBUG - Signature: JZNIJHI3+nH/xX908vxdZGZkibQ=
2016-08-03 16:07:10,147 - requests_oauthlib.oauth1_auth - DEBUG - Updated url: https://stream.twitter.com/1.1/statuses/filter.json?delimited=length
2016-08-03 16:07:10,148 - requests_oauthlib.oauth1_auth - DEBUG - Updated headers: {u'Content-Length': u'39', u'Content-Type': u'application/x-www-form-urlencoded', u'Authorization': u'OAuth oauth_nonce="75472276215891553141470240430", oauth_timestamp="1470240430", oauth_version="1.0", oauth_signature_method="HMAC-SHA1", oauth_consumer_key="w5NwGVgNGlNbfMEgcPVdcp3z8", oauth_token="3807035249-xktzGi7k8UHo6yw6bJny44DGBV7Pcw3dFPLGUQ3", oauth_signature="JZNIJHI3%2BnH%2FxX908vxdZGZkibQ%3D"'}
2016-08-03 16:07:10,148 - requests_oauthlib.oauth1_auth - DEBUG - Updated body: u'track=a%2Cthe%2Ci%2Cyou%2Cu&language=en'
2016-08-03 16:07:10,150 - requests.packages.urllib3.connectionpool - INFO - Starting new HTTPS connection (1): stream.twitter.com
2016-08-03 16:07:10,442 - requests.packages.urllib3.connectionpool - DEBUG - "POST /1.1/statuses/filter.json?delimited=length HTTP/1.1" 420 36
2016-08-03 16:07:10,442 - streamparse.stdout - INFO - fail 2
2016-08-03 16:08:10,502 - requests_oauthlib.oauth1_auth - DEBUG - Signing request <PreparedRequest [POST]> using client <Client nonce=None, signature_method=HMAC-SHA1, realm=None, encoding=utf-8, timestamp=None, resource_owner_secret=****, decoding=None, verifier=None, signature_type=AUTH_HEADER, rsa_key=None, resource_owner_key=3807035249-xktzGi7k8UHo6yw6bJny44DGBV7Pcw3dFPLGUQ3, client_secret=****, callback_uri=None, client_key=w5NwGVgNGlNbfMEgcPVdcp3z8>
2016-08-03 16:08:10,502 - requests_oauthlib.oauth1_auth - DEBUG - Including body in call to sign: True
2016-08-03 16:08:10,503 - oauthlib.oauth1.rfc5849 - DEBUG - Collected params: [(u'delimited', u'length'), (u'oauth_nonce', u'88393591208877867771470240490'), (u'oauth_timestamp', u'1470240490'), (u'oauth_consumer_key', u'w5NwGVgNGlNbfMEgcPVdcp3z8'), (u'oauth_signature_method', u'HMAC-SHA1'), (u'oauth_version', u'1.0'), (u'oauth_token', u'3807035249-xktzGi7k8UHo6yw6bJny44DGBV7Pcw3dFPLGUQ3'), (u'track', u'a,the,i,you,u'), (u'language', u'en')]
2016-08-03 16:08:10,503 - oauthlib.oauth1.rfc5849 - DEBUG - Normalized params: delimited=length&language=en&oauth_consumer_key=w5NwGVgNGlNbfMEgcPVdcp3z8&oauth_nonce=88393591208877867771470240490&oauth_signature_method=HMAC-SHA1&oauth_timestamp=1470240490&oauth_token=3807035249-xktzGi7k8UHo6yw6bJny44DGBV7Pcw3dFPLGUQ3&oauth_version=1.0&track=a%2Cthe%2Ci%2Cyou%2Cu
2016-08-03 16:08:10,504 - oauthlib.oauth1.rfc5849 - DEBUG - Normalized URI: https://stream.twitter.com/1.1/statuses/filter.json
2016-08-03 16:08:10,504 - oauthlib.oauth1.rfc5849 - DEBUG - Base signing string: POST&https%3A%2F%2Fstream.twitter.com%2F1.1%2Fstatuses%2Ffilter.json&delimited%3Dlength%26language%3Den%26oauth_consumer_key%3Dw5NwGVgNGlNbfMEgcPVdcp3z8%26oauth_nonce%3D88393591208877867771470240490%26oauth_signature_method%3DHMAC-SHA1%26oauth_timestamp%3D1470240490%26oauth_token%3D3807035249-xktzGi7k8UHo6yw6bJny44DGBV7Pcw3dFPLGUQ3%26oauth_version%3D1.0%26track%3Da%252Cthe%252Ci%252Cyou%252Cu
2016-08-03 16:08:10,504 - oauthlib.oauth1.rfc5849 - DEBUG - Signature: N1BVsYU8kpAFcbstiXUManZ8/Q0=
2016-08-03 16:08:10,504 - requests_oauthlib.oauth1_auth - DEBUG - Updated url: https://stream.twitter.com/1.1/statuses/filter.json?delimited=length
2016-08-03 16:08:10,504 - requests_oauthlib.oauth1_auth - DEBUG - Updated headers: {u'Content-Length': u'39', u'Content-Type': u'application/x-www-form-urlencoded', u'Authorization': u'OAuth oauth_nonce="88393591208877867771470240490", oauth_timestamp="1470240490", oauth_version="1.0", oauth_signature_method="HMAC-SHA1", oauth_consumer_key="w5NwGVgNGlNbfMEgcPVdcp3z8", oauth_token="3807035249-xktzGi7k8UHo6yw6bJny44DGBV7Pcw3dFPLGUQ3", oauth_signature="N1BVsYU8kpAFcbstiXUManZ8%2FQ0%3D"'}
2016-08-03 16:08:10,505 - requests_oauthlib.oauth1_auth - DEBUG - Updated body: u'track=a%2Cthe%2Ci%2Cyou%2Cu&language=en'
2016-08-03 16:08:10,505 - requests.packages.urllib3.connectionpool - INFO - Starting new HTTPS connection (2): stream.twitter.com
2016-08-03 16:08:10,718 - requests.packages.urllib3.connectionpool - DEBUG - "POST /1.1/statuses/filter.json?delimited=length HTTP/1.1" 420 36
2016-08-03 16:08:10,720 - streamparse.stdout - INFO - fail 2
2016-08-03 16:10:10,823 - requests_oauthlib.oauth1_auth - DEBUG - Signing request <PreparedRequest [POST]> using client <Client nonce=None, signature_method=HMAC-SHA1, realm=None, encoding=utf-8, timestamp=None, resource_owner_secret=****, decoding=None, verifier=None, signature_type=AUTH_HEADER, rsa_key=None, resource_owner_key=3807035249-xktzGi7k8UHo6yw6bJny44DGBV7Pcw3dFPLGUQ3, client_secret=****, callback_uri=None, client_key=w5NwGVgNGlNbfMEgcPVdcp3z8>
2016-08-03 16:10:10,823 - requests_oauthlib.oauth1_auth - DEBUG - Including body in call to sign: True
2016-08-03 16:10:10,824 - oauthlib.oauth1.rfc5849 - DEBUG - Collected params: [(u'delimited', u'length'), (u'oauth_nonce', u'63717718704532743221470240610'), (u'oauth_timestamp', u'1470240610'), (u'oauth_consumer_key', u'w5NwGVgNGlNbfMEgcPVdcp3z8'), (u'oauth_signature_method', u'HMAC-SHA1'), (u'oauth_version', u'1.0'), (u'oauth_token', u'3807035249-xktzGi7k8UHo6yw6bJny44DGBV7Pcw3dFPLGUQ3'), (u'track', u'a,the,i,you,u'), (u'language', u'en')]
2016-08-03 16:10:10,824 - oauthlib.oauth1.rfc5849 - DEBUG - Normalized params: delimited=length&language=en&oauth_consumer_key=w5NwGVgNGlNbfMEgcPVdcp3z8&oauth_nonce=63717718704532743221470240610&oauth_signature_method=HMAC-SHA1&oauth_timestamp=1470240610&oauth_token=3807035249-xktzGi7k8UHo6yw6bJny44DGBV7Pcw3dFPLGUQ3&oauth_version=1.0&track=a%2Cthe%2Ci%2Cyou%2Cu
2016-08-03 16:10:10,824 - oauthlib.oauth1.rfc5849 - DEBUG - Normalized URI: https://stream.twitter.com/1.1/statuses/filter.json
2016-08-03 16:10:10,825 - oauthlib.oauth1.rfc5849 - DEBUG - Base signing string: POST&https%3A%2F%2Fstream.twitter.com%2F1.1%2Fstatuses%2Ffilter.json&delimited%3Dlength%26language%3Den%26oauth_consumer_key%3Dw5NwGVgNGlNbfMEgcPVdcp3z8%26oauth_nonce%3D63717718704532743221470240610%26oauth_signature_method%3DHMAC-SHA1%26oauth_timestamp%3D1470240610%26oauth_token%3D3807035249-xktzGi7k8UHo6yw6bJny44DGBV7Pcw3dFPLGUQ3%26oauth_version%3D1.0%26track%3Da%252Cthe%252Ci%252Cyou%252Cu
2016-08-03 16:10:10,825 - oauthlib.oauth1.rfc5849 - DEBUG - Signature: ssuvF+w/WDGwZabWEBsNvqpTnbg=
2016-08-03 16:10:10,830 - requests_oauthlib.oauth1_auth - DEBUG - Updated url: https://stream.twitter.com/1.1/statuses/filter.json?delimited=length
2016-08-03 16:10:10,830 - requests_oauthlib.oauth1_auth - DEBUG - Updated headers: {u'Content-Length': u'39', u'Content-Type': u'application/x-www-form-urlencoded', u'Authorization': u'OAuth oauth_nonce="63717718704532743221470240610", oauth_timestamp="1470240610", oauth_version="1.0", oauth_signature_method="HMAC-SHA1", oauth_consumer_key="w5NwGVgNGlNbfMEgcPVdcp3z8", oauth_token="3807035249-xktzGi7k8UHo6yw6bJny44DGBV7Pcw3dFPLGUQ3", oauth_signature="ssuvF%2Bw%2FWDGwZabWEBsNvqpTnbg%3D"'}
2016-08-03 16:10:10,830 - requests_oauthlib.oauth1_auth - DEBUG - Updated body: u'track=a%2Cthe%2Ci%2Cyou%2Cu&language=en'
2016-08-03 16:10:10,831 - requests.packages.urllib3.connectionpool - INFO - Starting new HTTPS connection (3): stream.twitter.com
2016-08-03 16:10:11,027 - requests.packages.urllib3.connectionpool - DEBUG - "POST /1.1/statuses/filter.json?delimited=length HTTP/1.1" 420 36
2016-08-03 16:10:11,028 - streamparse.stdout - INFO - fail 2
2016-08-03 16:14:11,121 - requests_oauthlib.oauth1_auth - DEBUG - Signing request <PreparedRequest [POST]> using client <Client nonce=None, signature_method=HMAC-SHA1, realm=None, encoding=utf-8, timestamp=None, resource_owner_secret=****, decoding=None, verifier=None, signature_type=AUTH_HEADER, rsa_key=None, resource_owner_key=3807035249-xktzGi7k8UHo6yw6bJny44DGBV7Pcw3dFPLGUQ3, client_secret=****, callback_uri=None, client_key=w5NwGVgNGlNbfMEgcPVdcp3z8>
2016-08-03 16:14:11,121 - requests_oauthlib.oauth1_auth - DEBUG - Including body in call to sign: True
2016-08-03 16:14:11,122 - oauthlib.oauth1.rfc5849 - DEBUG - Collected params: [(u'delimited', u'length'), (u'oauth_nonce', u'17004975592410256181470240851'), (u'oauth_timestamp', u'1470240851'), (u'oauth_consumer_key', u'w5NwGVgNGlNbfMEgcPVdcp3z8'), (u'oauth_signature_method', u'HMAC-SHA1'), (u'oauth_version', u'1.0'), (u'oauth_token', u'3807035249-xktzGi7k8UHo6yw6bJny44DGBV7Pcw3dFPLGUQ3'), (u'track', u'a,the,i,you,u'), (u'language', u'en')]
2016-08-03 16:14:11,122 - oauthlib.oauth1.rfc5849 - DEBUG - Normalized params: delimited=length&language=en&oauth_consumer_key=w5NwGVgNGlNbfMEgcPVdcp3z8&oauth_nonce=17004975592410256181470240851&oauth_signature_method=HMAC-SHA1&oauth_timestamp=1470240851&oauth_token=3807035249-xktzGi7k8UHo6yw6bJny44DGBV7Pcw3dFPLGUQ3&oauth_version=1.0&track=a%2Cthe%2Ci%2Cyou%2Cu
2016-08-03 16:14:11,122 - oauthlib.oauth1.rfc5849 - DEBUG - Normalized URI: https://stream.twitter.com/1.1/statuses/filter.json
2016-08-03 16:14:11,123 - oauthlib.oauth1.rfc5849 - DEBUG - Base signing string: POST&https%3A%2F%2Fstream.twitter.com%2F1.1%2Fstatuses%2Ffilter.json&delimited%3Dlength%26language%3Den%26oauth_consumer_key%3Dw5NwGVgNGlNbfMEgcPVdcp3z8%26oauth_nonce%3D17004975592410256181470240851%26oauth_signature_method%3DHMAC-SHA1%26oauth_timestamp%3D1470240851%26oauth_token%3D3807035249-xktzGi7k8UHo6yw6bJny44DGBV7Pcw3dFPLGUQ3%26oauth_version%3D1.0%26track%3Da%252Cthe%252Ci%252Cyou%252Cu
2016-08-03 16:14:11,123 - oauthlib.oauth1.rfc5849 - DEBUG - Signature: 6hL/EGkSxDdiOjqyoagDUCQ4+g0=
2016-08-03 16:14:11,123 - requests_oauthlib.oauth1_auth - DEBUG - Updated url: https://stream.twitter.com/1.1/statuses/filter.json?delimited=length
2016-08-03 16:14:11,123 - requests_oauthlib.oauth1_auth - DEBUG - Updated headers: {u'Content-Length': u'39', u'Content-Type': u'application/x-www-form-urlencoded', u'Authorization': u'OAuth oauth_nonce="17004975592410256181470240851", oauth_timestamp="1470240851", oauth_version="1.0", oauth_signature_method="HMAC-SHA1", oauth_consumer_key="w5NwGVgNGlNbfMEgcPVdcp3z8", oauth_token="3807035249-xktzGi7k8UHo6yw6bJny44DGBV7Pcw3dFPLGUQ3", oauth_signature="6hL%2FEGkSxDdiOjqyoagDUCQ4%2Bg0%3D"'}
2016-08-03 16:14:11,123 - requests_oauthlib.oauth1_auth - DEBUG - Updated body: u'track=a%2Cthe%2Ci%2Cyou%2Cu&language=en'
2016-08-03 16:14:11,124 - requests.packages.urllib3.connectionpool - INFO - Starting new HTTPS connection (4): stream.twitter.com
2016-08-03 16:14:11,333 - requests.packages.urllib3.connectionpool - DEBUG - "POST /1.1/statuses/filter.json?delimited=length HTTP/1.1" 420 36
2016-08-03 16:14:11,334 - streamparse.stdout - INFO - fail 2
2016-08-03 16:19:31,431 - requests_oauthlib.oauth1_auth - DEBUG - Signing request <PreparedRequest [POST]> using client <Client nonce=None, signature_method=HMAC-SHA1, realm=None, encoding=utf-8, timestamp=None, resource_owner_secret=****, decoding=None, verifier=None, signature_type=AUTH_HEADER, rsa_key=None, resource_owner_key=3807035249-xktzGi7k8UHo6yw6bJny44DGBV7Pcw3dFPLGUQ3, client_secret=****, callback_uri=None, client_key=w5NwGVgNGlNbfMEgcPVdcp3z8>
2016-08-03 16:19:31,431 - requests_oauthlib.oauth1_auth - DEBUG - Including body in call to sign: True
2016-08-03 16:19:31,432 - oauthlib.oauth1.rfc5849 - DEBUG - Collected params: [(u'delimited', u'length'), (u'oauth_nonce', u'72206660354738912421470241171'), (u'oauth_timestamp', u'1470241171'), (u'oauth_consumer_key', u'w5NwGVgNGlNbfMEgcPVdcp3z8'), (u'oauth_signature_method', u'HMAC-SHA1'), (u'oauth_version', u'1.0'), (u'oauth_token', u'3807035249-xktzGi7k8UHo6yw6bJny44DGBV7Pcw3dFPLGUQ3'), (u'track', u'a,the,i,you,u'), (u'language', u'en')]
2016-08-03 16:19:31,432 - oauthlib.oauth1.rfc5849 - DEBUG - Normalized params: delimited=length&language=en&oauth_consumer_key=w5NwGVgNGlNbfMEgcPVdcp3z8&oauth_nonce=72206660354738912421470241171&oauth_signature_method=HMAC-SHA1&oauth_timestamp=1470241171&oauth_token=3807035249-xktzGi7k8UHo6yw6bJny44DGBV7Pcw3dFPLGUQ3&oauth_version=1.0&track=a%2Cthe%2Ci%2Cyou%2Cu
2016-08-03 16:19:31,433 - oauthlib.oauth1.rfc5849 - DEBUG - Normalized URI: https://stream.twitter.com/1.1/statuses/filter.json
2016-08-03 16:19:31,433 - oauthlib.oauth1.rfc5849 - DEBUG - Base signing string: POST&https%3A%2F%2Fstream.twitter.com%2F1.1%2Fstatuses%2Ffilter.json&delimited%3Dlength%26language%3Den%26oauth_consumer_key%3Dw5NwGVgNGlNbfMEgcPVdcp3z8%26oauth_nonce%3D72206660354738912421470241171%26oauth_signature_method%3DHMAC-SHA1%26oauth_timestamp%3D1470241171%26oauth_token%3D3807035249-xktzGi7k8UHo6yw6bJny44DGBV7Pcw3dFPLGUQ3%26oauth_version%3D1.0%26track%3Da%252Cthe%252Ci%252Cyou%252Cu
2016-08-03 16:19:31,433 - oauthlib.oauth1.rfc5849 - DEBUG - Signature: 64v5zYLkMs35C8ij7JArWhVWw6o=
2016-08-03 16:19:31,433 - requests_oauthlib.oauth1_auth - DEBUG - Updated url: https://stream.twitter.com/1.1/statuses/filter.json?delimited=length
2016-08-03 16:19:31,433 - requests_oauthlib.oauth1_auth - DEBUG - Updated headers: {u'Content-Length': u'39', u'Content-Type': u'application/x-www-form-urlencoded', u'Authorization': u'OAuth oauth_nonce="72206660354738912421470241171", oauth_timestamp="1470241171", oauth_version="1.0", oauth_signature_method="HMAC-SHA1", oauth_consumer_key="w5NwGVgNGlNbfMEgcPVdcp3z8", oauth_token="3807035249-xktzGi7k8UHo6yw6bJny44DGBV7Pcw3dFPLGUQ3", oauth_signature="64v5zYLkMs35C8ij7JArWhVWw6o%3D"'}
2016-08-03 16:19:31,434 - requests_oauthlib.oauth1_auth - DEBUG - Updated body: u'track=a%2Cthe%2Ci%2Cyou%2Cu&language=en'
2016-08-03 16:19:31,434 - requests.packages.urllib3.connectionpool - INFO - Starting new HTTPS connection (5): stream.twitter.com
2016-08-03 16:19:31,535 - requests.packages.urllib3.connectionpool - DEBUG - "POST /1.1/statuses/filter.json?delimited=length HTTP/1.1" 420 36
2016-08-03 16:19:31,537 - streamparse.stdout - INFO - fail 2
