2016-08-03 16:18:55,302 - requests_oauthlib.oauth1_auth - DEBUG - Signing request <PreparedRequest [POST]> using client <Client nonce=None, signature_method=HMAC-SHA1, realm=None, encoding=utf-8, timestamp=None, resource_owner_secret=****, decoding=None, verifier=None, signature_type=AUTH_HEADER, rsa_key=None, resource_owner_key=3807035249-xktzGi7k8UHo6yw6bJny44DGBV7Pcw3dFPLGUQ3, client_secret=****, callback_uri=None, client_key=w5NwGVgNGlNbfMEgcPVdcp3z8>
2016-08-03 16:18:55,302 - requests_oauthlib.oauth1_auth - DEBUG - Including body in call to sign: True
2016-08-03 16:18:55,303 - oauthlib.oauth1.rfc5849 - DEBUG - Collected params: [(u'delimited', u'length'), (u'oauth_nonce', u'165163398176564447021470241135'), (u'oauth_timestamp', u'1470241135'), (u'oauth_consumer_key', u'w5NwGVgNGlNbfMEgcPVdcp3z8'), (u'oauth_signature_method', u'HMAC-SHA1'), (u'oauth_version', u'1.0'), (u'oauth_token', u'3807035249-xktzGi7k8UHo6yw6bJny44DGBV7Pcw3dFPLGUQ3'), (u'track', u'a,the,i,you,u'), (u'language', u'en')]
2016-08-03 16:18:55,303 - oauthlib.oauth1.rfc5849 - DEBUG - Normalized params: delimited=length&language=en&oauth_consumer_key=w5NwGVgNGlNbfMEgcPVdcp3z8&oauth_nonce=165163398176564447021470241135&oauth_signature_method=HMAC-SHA1&oauth_timestamp=1470241135&oauth_token=3807035249-xktzGi7k8UHo6yw6bJny44DGBV7Pcw3dFPLGUQ3&oauth_version=1.0&track=a%2Cthe%2Ci%2Cyou%2Cu
2016-08-03 16:18:55,303 - oauthlib.oauth1.rfc5849 - DEBUG - Normalized URI: https://stream.twitter.com/1.1/statuses/filter.json
2016-08-03 16:18:55,304 - oauthlib.oauth1.rfc5849 - DEBUG - Base signing string: POST&https%3A%2F%2Fstream.twitter.com%2F1.1%2Fstatuses%2Ffilter.json&delimited%3Dlength%26language%3Den%26oauth_consumer_key%3Dw5NwGVgNGlNbfMEgcPVdcp3z8%26oauth_nonce%3D165163398176564447021470241135%26oauth_signature_method%3DHMAC-SHA1%26oauth_timestamp%3D1470241135%26oauth_token%3D3807035249-xktzGi7k8UHo6yw6bJny44DGBV7Pcw3dFPLGUQ3%26oauth_version%3D1.0%26track%3Da%252Cthe%252Ci%252Cyou%252Cu
2016-08-03 16:18:55,304 - oauthlib.oauth1.rfc5849 - DEBUG - Signature: 5CPzUsZcYqiZGQuFBDVKjE/qrWk=
2016-08-03 16:18:55,313 - requests_oauthlib.oauth1_auth - DEBUG - Updated url: https://stream.twitter.com/1.1/statuses/filter.json?delimited=length
2016-08-03 16:18:55,313 - requests_oauthlib.oauth1_auth - DEBUG - Updated headers: {u'Content-Length': u'39', u'Content-Type': u'application/x-www-form-urlencoded', u'Authorization': u'OAuth oauth_nonce="165163398176564447021470241135", oauth_timestamp="1470241135", oauth_version="1.0", oauth_signature_method="HMAC-SHA1", oauth_consumer_key="w5NwGVgNGlNbfMEgcPVdcp3z8", oauth_token="3807035249-xktzGi7k8UHo6yw6bJny44DGBV7Pcw3dFPLGUQ3", oauth_signature="5CPzUsZcYqiZGQuFBDVKjE%2FqrWk%3D"'}
2016-08-03 16:18:55,313 - requests_oauthlib.oauth1_auth - DEBUG - Updated body: u'track=a%2Cthe%2Ci%2Cyou%2Cu&language=en'
2016-08-03 16:18:55,314 - requests.packages.urllib3.connectionpool - INFO - Starting new HTTPS connection (1): stream.twitter.com
2016-08-03 16:18:55,417 - requests.packages.urllib3.connectionpool - DEBUG - "POST /1.1/statuses/filter.json?delimited=length HTTP/1.1" 420 36
2016-08-03 16:19:55,472 - requests_oauthlib.oauth1_auth - DEBUG - Signing request <PreparedRequest [POST]> using client <Client nonce=None, signature_method=HMAC-SHA1, realm=None, encoding=utf-8, timestamp=None, resource_owner_secret=****, decoding=None, verifier=None, signature_type=AUTH_HEADER, rsa_key=None, resource_owner_key=3807035249-xktzGi7k8UHo6yw6bJny44DGBV7Pcw3dFPLGUQ3, client_secret=****, callback_uri=None, client_key=w5NwGVgNGlNbfMEgcPVdcp3z8>
2016-08-03 16:19:55,472 - requests_oauthlib.oauth1_auth - DEBUG - Including body in call to sign: True
2016-08-03 16:19:55,473 - oauthlib.oauth1.rfc5849 - DEBUG - Collected params: [(u'delimited', u'length'), (u'oauth_nonce', u'104040204461358911541470241195'), (u'oauth_timestamp', u'1470241195'), (u'oauth_consumer_key', u'w5NwGVgNGlNbfMEgcPVdcp3z8'), (u'oauth_signature_method', u'HMAC-SHA1'), (u'oauth_version', u'1.0'), (u'oauth_token', u'3807035249-xktzGi7k8UHo6yw6bJny44DGBV7Pcw3dFPLGUQ3'), (u'track', u'a,the,i,you,u'), (u'language', u'en')]
2016-08-03 16:19:55,473 - oauthlib.oauth1.rfc5849 - DEBUG - Normalized params: delimited=length&language=en&oauth_consumer_key=w5NwGVgNGlNbfMEgcPVdcp3z8&oauth_nonce=104040204461358911541470241195&oauth_signature_method=HMAC-SHA1&oauth_timestamp=1470241195&oauth_token=3807035249-xktzGi7k8UHo6yw6bJny44DGBV7Pcw3dFPLGUQ3&oauth_version=1.0&track=a%2Cthe%2Ci%2Cyou%2Cu
2016-08-03 16:19:55,473 - oauthlib.oauth1.rfc5849 - DEBUG - Normalized URI: https://stream.twitter.com/1.1/statuses/filter.json
2016-08-03 16:19:55,473 - oauthlib.oauth1.rfc5849 - DEBUG - Base signing string: POST&https%3A%2F%2Fstream.twitter.com%2F1.1%2Fstatuses%2Ffilter.json&delimited%3Dlength%26language%3Den%26oauth_consumer_key%3Dw5NwGVgNGlNbfMEgcPVdcp3z8%26oauth_nonce%3D104040204461358911541470241195%26oauth_signature_method%3DHMAC-SHA1%26oauth_timestamp%3D1470241195%26oauth_token%3D3807035249-xktzGi7k8UHo6yw6bJny44DGBV7Pcw3dFPLGUQ3%26oauth_version%3D1.0%26track%3Da%252Cthe%252Ci%252Cyou%252Cu
2016-08-03 16:19:55,473 - oauthlib.oauth1.rfc5849 - DEBUG - Signature: AdW49CyTswG5pgUUh1jBN8acwwU=
2016-08-03 16:19:55,474 - requests_oauthlib.oauth1_auth - DEBUG - Updated url: https://stream.twitter.com/1.1/statuses/filter.json?delimited=length
2016-08-03 16:19:55,474 - requests_oauthlib.oauth1_auth - DEBUG - Updated headers: {u'Content-Length': u'39', u'Content-Type': u'application/x-www-form-urlencoded', u'Authorization': u'OAuth oauth_nonce="104040204461358911541470241195", oauth_timestamp="1470241195", oauth_version="1.0", oauth_signature_method="HMAC-SHA1", oauth_consumer_key="w5NwGVgNGlNbfMEgcPVdcp3z8", oauth_token="3807035249-xktzGi7k8UHo6yw6bJny44DGBV7Pcw3dFPLGUQ3", oauth_signature="AdW49CyTswG5pgUUh1jBN8acwwU%3D"'}
2016-08-03 16:19:55,474 - requests_oauthlib.oauth1_auth - DEBUG - Updated body: u'track=a%2Cthe%2Ci%2Cyou%2Cu&language=en'
2016-08-03 16:19:55,474 - requests.packages.urllib3.connectionpool - INFO - Starting new HTTPS connection (2): stream.twitter.com
2016-08-03 16:19:55,577 - requests.packages.urllib3.connectionpool - DEBUG - "POST /1.1/statuses/filter.json?delimited=length HTTP/1.1" 420 36
2016-08-03 16:21:55,678 - requests_oauthlib.oauth1_auth - DEBUG - Signing request <PreparedRequest [POST]> using client <Client nonce=None, signature_method=HMAC-SHA1, realm=None, encoding=utf-8, timestamp=None, resource_owner_secret=****, decoding=None, verifier=None, signature_type=AUTH_HEADER, rsa_key=None, resource_owner_key=3807035249-xktzGi7k8UHo6yw6bJny44DGBV7Pcw3dFPLGUQ3, client_secret=****, callback_uri=None, client_key=w5NwGVgNGlNbfMEgcPVdcp3z8>
2016-08-03 16:21:55,678 - requests_oauthlib.oauth1_auth - DEBUG - Including body in call to sign: True
2016-08-03 16:21:55,687 - oauthlib.oauth1.rfc5849 - DEBUG - Collected params: [(u'delimited', u'length'), (u'oauth_nonce', u'118803274584709386581470241315'), (u'oauth_timestamp', u'1470241315'), (u'oauth_consumer_key', u'w5NwGVgNGlNbfMEgcPVdcp3z8'), (u'oauth_signature_method', u'HMAC-SHA1'), (u'oauth_version', u'1.0'), (u'oauth_token', u'3807035249-xktzGi7k8UHo6yw6bJny44DGBV7Pcw3dFPLGUQ3'), (u'track', u'a,the,i,you,u'), (u'language', u'en')]
2016-08-03 16:21:55,688 - oauthlib.oauth1.rfc5849 - DEBUG - Normalized params: delimited=length&language=en&oauth_consumer_key=w5NwGVgNGlNbfMEgcPVdcp3z8&oauth_nonce=118803274584709386581470241315&oauth_signature_method=HMAC-SHA1&oauth_timestamp=1470241315&oauth_token=3807035249-xktzGi7k8UHo6yw6bJny44DGBV7Pcw3dFPLGUQ3&oauth_version=1.0&track=a%2Cthe%2Ci%2Cyou%2Cu
2016-08-03 16:21:55,688 - oauthlib.oauth1.rfc5849 - DEBUG - Normalized URI: https://stream.twitter.com/1.1/statuses/filter.json
2016-08-03 16:21:55,688 - oauthlib.oauth1.rfc5849 - DEBUG - Base signing string: POST&https%3A%2F%2Fstream.twitter.com%2F1.1%2Fstatuses%2Ffilter.json&delimited%3Dlength%26language%3Den%26oauth_consumer_key%3Dw5NwGVgNGlNbfMEgcPVdcp3z8%26oauth_nonce%3D118803274584709386581470241315%26oauth_signature_method%3DHMAC-SHA1%26oauth_timestamp%3D1470241315%26oauth_token%3D3807035249-xktzGi7k8UHo6yw6bJny44DGBV7Pcw3dFPLGUQ3%26oauth_version%3D1.0%26track%3Da%252Cthe%252Ci%252Cyou%252Cu
2016-08-03 16:21:55,688 - oauthlib.oauth1.rfc5849 - DEBUG - Signature: kKSKLgFj97TxPyt/mU90FSDK3Jw=
2016-08-03 16:21:55,688 - requests_oauthlib.oauth1_auth - DEBUG - Updated url: https://stream.twitter.com/1.1/statuses/filter.json?delimited=length
2016-08-03 16:21:55,688 - requests_oauthlib.oauth1_auth - DEBUG - Updated headers: {u'Content-Length': u'39', u'Content-Type': u'application/x-www-form-urlencoded', u'Authorization': u'OAuth oauth_nonce="118803274584709386581470241315", oauth_timestamp="1470241315", oauth_version="1.0", oauth_signature_method="HMAC-SHA1", oauth_consumer_key="w5NwGVgNGlNbfMEgcPVdcp3z8", oauth_token="3807035249-xktzGi7k8UHo6yw6bJny44DGBV7Pcw3dFPLGUQ3", oauth_signature="kKSKLgFj97TxPyt%2FmU90FSDK3Jw%3D"'}
2016-08-03 16:21:55,689 - requests_oauthlib.oauth1_auth - DEBUG - Updated body: u'track=a%2Cthe%2Ci%2Cyou%2Cu&language=en'
2016-08-03 16:21:55,689 - requests.packages.urllib3.connectionpool - INFO - Starting new HTTPS connection (3): stream.twitter.com
2016-08-03 16:21:55,785 - requests.packages.urllib3.connectionpool - DEBUG - "POST /1.1/statuses/filter.json?delimited=length HTTP/1.1" 420 36
