2016-08-03 16:11:37,311 - streamparse.stdout - INFO - creating listener-----------------------------------------------------------------------------------------------------------------------------------------------------------------------------------------------------------------------------------------------------------------------
2016-08-03 16:11:37,313 - streamparse.storm.component - ERROR - Exception in Tweets.run()
Traceback (most recent call last):
  File "/usr/lib/python2.7/site-packages/streamparse/storm/component.py", line 489, in run
    self._run()
  File "/usr/lib/python2.7/site-packages/streamparse/storm/spout.py", line 150, in _run
    self.next_tuple()
  File "spouts/tweets.py", line 106, in next_tuple
    if tweet:
NameError: global name 'tweet' is not defined
2016-08-03 16:11:37,333 - requests_oauthlib.oauth1_auth - DEBUG - Signing request <PreparedRequest [POST]> using client <Client nonce=None, signature_method=HMAC-SHA1, realm=None, encoding=utf-8, timestamp=None, resource_owner_secret=****, decoding=None, verifier=None, signature_type=AUTH_HEADER, rsa_key=None, resource_owner_key=3807035249-xktzGi7k8UHo6yw6bJny44DGBV7Pcw3dFPLGUQ3, client_secret=****, callback_uri=None, client_key=w5NwGVgNGlNbfMEgcPVdcp3z8>
2016-08-03 16:11:37,334 - requests_oauthlib.oauth1_auth - DEBUG - Including body in call to sign: True
2016-08-03 16:11:37,348 - oauthlib.oauth1.rfc5849 - DEBUG - Collected params: [(u'delimited', u'length'), (u'oauth_nonce', u'137164713692098505651470240697'), (u'oauth_timestamp', u'1470240697'), (u'oauth_consumer_key', u'w5NwGVgNGlNbfMEgcPVdcp3z8'), (u'oauth_signature_method', u'HMAC-SHA1'), (u'oauth_version', u'1.0'), (u'oauth_token', u'3807035249-xktzGi7k8UHo6yw6bJny44DGBV7Pcw3dFPLGUQ3'), (u'track', u'a,the,i,you,u'), (u'language', u'en')]
2016-08-03 16:11:37,349 - oauthlib.oauth1.rfc5849 - DEBUG - Normalized params: delimited=length&language=en&oauth_consumer_key=w5NwGVgNGlNbfMEgcPVdcp3z8&oauth_nonce=137164713692098505651470240697&oauth_signature_method=HMAC-SHA1&oauth_timestamp=1470240697&oauth_token=3807035249-xktzGi7k8UHo6yw6bJny44DGBV7Pcw3dFPLGUQ3&oauth_version=1.0&track=a%2Cthe%2Ci%2Cyou%2Cu
2016-08-03 16:11:37,349 - oauthlib.oauth1.rfc5849 - DEBUG - Normalized URI: https://stream.twitter.com/1.1/statuses/filter.json
2016-08-03 16:11:37,349 - oauthlib.oauth1.rfc5849 - DEBUG - Base signing string: POST&https%3A%2F%2Fstream.twitter.com%2F1.1%2Fstatuses%2Ffilter.json&delimited%3Dlength%26language%3Den%26oauth_consumer_key%3Dw5NwGVgNGlNbfMEgcPVdcp3z8%26oauth_nonce%3D137164713692098505651470240697%26oauth_signature_method%3DHMAC-SHA1%26oauth_timestamp%3D1470240697%26oauth_token%3D3807035249-xktzGi7k8UHo6yw6bJny44DGBV7Pcw3dFPLGUQ3%26oauth_version%3D1.0%26track%3Da%252Cthe%252Ci%252Cyou%252Cu
2016-08-03 16:11:37,349 - oauthlib.oauth1.rfc5849 - DEBUG - Signature: Zq6dL6YFcrgIUq/qmZgCPjArhaM=
2016-08-03 16:11:37,359 - requests_oauthlib.oauth1_auth - DEBUG - Updated url: https://stream.twitter.com/1.1/statuses/filter.json?delimited=length
2016-08-03 16:11:37,359 - requests_oauthlib.oauth1_auth - DEBUG - Updated headers: {u'Content-Length': u'39', u'Content-Type': u'application/x-www-form-urlencoded', u'Authorization': u'OAuth oauth_nonce="137164713692098505651470240697", oauth_timestamp="1470240697", oauth_version="1.0", oauth_signature_method="HMAC-SHA1", oauth_consumer_key="w5NwGVgNGlNbfMEgcPVdcp3z8", oauth_token="3807035249-xktzGi7k8UHo6yw6bJny44DGBV7Pcw3dFPLGUQ3", oauth_signature="Zq6dL6YFcrgIUq%2FqmZgCPjArhaM%3D"'}
2016-08-03 16:11:37,359 - requests_oauthlib.oauth1_auth - DEBUG - Updated body: u'track=a%2Cthe%2Ci%2Cyou%2Cu&language=en'
2016-08-03 16:11:37,360 - requests.packages.urllib3.connectionpool - INFO - Starting new HTTPS connection (1): stream.twitter.com
2016-08-03 16:11:37,568 - requests.packages.urllib3.connectionpool - DEBUG - "POST /1.1/statuses/filter.json?delimited=length HTTP/1.1" 420 36
2016-08-03 16:11:37,569 - streamparse.stdout - INFO - fail 2
2016-08-03 16:12:37,644 - requests_oauthlib.oauth1_auth - DEBUG - Signing request <PreparedRequest [POST]> using client <Client nonce=None, signature_method=HMAC-SHA1, realm=None, encoding=utf-8, timestamp=None, resource_owner_secret=****, decoding=None, verifier=None, signature_type=AUTH_HEADER, rsa_key=None, resource_owner_key=3807035249-xktzGi7k8UHo6yw6bJny44DGBV7Pcw3dFPLGUQ3, client_secret=****, callback_uri=None, client_key=w5NwGVgNGlNbfMEgcPVdcp3z8>
2016-08-03 16:12:37,645 - requests_oauthlib.oauth1_auth - DEBUG - Including body in call to sign: True
2016-08-03 16:12:37,646 - oauthlib.oauth1.rfc5849 - DEBUG - Collected params: [(u'delimited', u'length'), (u'oauth_nonce', u'120696900785014152921470240757'), (u'oauth_timestamp', u'1470240757'), (u'oauth_consumer_key', u'w5NwGVgNGlNbfMEgcPVdcp3z8'), (u'oauth_signature_method', u'HMAC-SHA1'), (u'oauth_version', u'1.0'), (u'oauth_token', u'3807035249-xktzGi7k8UHo6yw6bJny44DGBV7Pcw3dFPLGUQ3'), (u'track', u'a,the,i,you,u'), (u'language', u'en')]
2016-08-03 16:12:37,646 - oauthlib.oauth1.rfc5849 - DEBUG - Normalized params: delimited=length&language=en&oauth_consumer_key=w5NwGVgNGlNbfMEgcPVdcp3z8&oauth_nonce=120696900785014152921470240757&oauth_signature_method=HMAC-SHA1&oauth_timestamp=1470240757&oauth_token=3807035249-xktzGi7k8UHo6yw6bJny44DGBV7Pcw3dFPLGUQ3&oauth_version=1.0&track=a%2Cthe%2Ci%2Cyou%2Cu
2016-08-03 16:12:37,646 - oauthlib.oauth1.rfc5849 - DEBUG - Normalized URI: https://stream.twitter.com/1.1/statuses/filter.json
2016-08-03 16:12:37,646 - oauthlib.oauth1.rfc5849 - DEBUG - Base signing string: POST&https%3A%2F%2Fstream.twitter.com%2F1.1%2Fstatuses%2Ffilter.json&delimited%3Dlength%26language%3Den%26oauth_consumer_key%3Dw5NwGVgNGlNbfMEgcPVdcp3z8%26oauth_nonce%3D120696900785014152921470240757%26oauth_signature_method%3DHMAC-SHA1%26oauth_timestamp%3D1470240757%26oauth_token%3D3807035249-xktzGi7k8UHo6yw6bJny44DGBV7Pcw3dFPLGUQ3%26oauth_version%3D1.0%26track%3Da%252Cthe%252Ci%252Cyou%252Cu
2016-08-03 16:12:37,646 - oauthlib.oauth1.rfc5849 - DEBUG - Signature: s6z3IKNjGcViuQVE54iX/wHRrkQ=
2016-08-03 16:12:37,647 - requests_oauthlib.oauth1_auth - DEBUG - Updated url: https://stream.twitter.com/1.1/statuses/filter.json?delimited=length
2016-08-03 16:12:37,647 - requests_oauthlib.oauth1_auth - DEBUG - Updated headers: {u'Content-Length': u'39', u'Content-Type': u'application/x-www-form-urlencoded', u'Authorization': u'OAuth oauth_nonce="120696900785014152921470240757", oauth_timestamp="1470240757", oauth_version="1.0", oauth_signature_method="HMAC-SHA1", oauth_consumer_key="w5NwGVgNGlNbfMEgcPVdcp3z8", oauth_token="3807035249-xktzGi7k8UHo6yw6bJny44DGBV7Pcw3dFPLGUQ3", oauth_signature="s6z3IKNjGcViuQVE54iX%2FwHRrkQ%3D"'}
2016-08-03 16:12:37,647 - requests_oauthlib.oauth1_auth - DEBUG - Updated body: u'track=a%2Cthe%2Ci%2Cyou%2Cu&language=en'
2016-08-03 16:12:37,662 - requests.packages.urllib3.connectionpool - INFO - Starting new HTTPS connection (2): stream.twitter.com
2016-08-03 16:12:37,933 - requests.packages.urllib3.connectionpool - DEBUG - "POST /1.1/statuses/filter.json?delimited=length HTTP/1.1" 420 36
2016-08-03 16:12:37,937 - streamparse.stdout - INFO - fail 2
2016-08-03 16:14:38,082 - requests_oauthlib.oauth1_auth - DEBUG - Signing request <PreparedRequest [POST]> using client <Client nonce=None, signature_method=HMAC-SHA1, realm=None, encoding=utf-8, timestamp=None, resource_owner_secret=****, decoding=None, verifier=None, signature_type=AUTH_HEADER, rsa_key=None, resource_owner_key=3807035249-xktzGi7k8UHo6yw6bJny44DGBV7Pcw3dFPLGUQ3, client_secret=****, callback_uri=None, client_key=w5NwGVgNGlNbfMEgcPVdcp3z8>
2016-08-03 16:14:38,082 - requests_oauthlib.oauth1_auth - DEBUG - Including body in call to sign: True
2016-08-03 16:14:38,083 - oauthlib.oauth1.rfc5849 - DEBUG - Collected params: [(u'delimited', u'length'), (u'oauth_nonce', u'30582672914958361511470240878'), (u'oauth_timestamp', u'1470240878'), (u'oauth_consumer_key', u'w5NwGVgNGlNbfMEgcPVdcp3z8'), (u'oauth_signature_method', u'HMAC-SHA1'), (u'oauth_version', u'1.0'), (u'oauth_token', u'3807035249-xktzGi7k8UHo6yw6bJny44DGBV7Pcw3dFPLGUQ3'), (u'track', u'a,the,i,you,u'), (u'language', u'en')]
2016-08-03 16:14:38,083 - oauthlib.oauth1.rfc5849 - DEBUG - Normalized params: delimited=length&language=en&oauth_consumer_key=w5NwGVgNGlNbfMEgcPVdcp3z8&oauth_nonce=30582672914958361511470240878&oauth_signature_method=HMAC-SHA1&oauth_timestamp=1470240878&oauth_token=3807035249-xktzGi7k8UHo6yw6bJny44DGBV7Pcw3dFPLGUQ3&oauth_version=1.0&track=a%2Cthe%2Ci%2Cyou%2Cu
2016-08-03 16:14:38,083 - oauthlib.oauth1.rfc5849 - DEBUG - Normalized URI: https://stream.twitter.com/1.1/statuses/filter.json
2016-08-03 16:14:38,083 - oauthlib.oauth1.rfc5849 - DEBUG - Base signing string: POST&https%3A%2F%2Fstream.twitter.com%2F1.1%2Fstatuses%2Ffilter.json&delimited%3Dlength%26language%3Den%26oauth_consumer_key%3Dw5NwGVgNGlNbfMEgcPVdcp3z8%26oauth_nonce%3D30582672914958361511470240878%26oauth_signature_method%3DHMAC-SHA1%26oauth_timestamp%3D1470240878%26oauth_token%3D3807035249-xktzGi7k8UHo6yw6bJny44DGBV7Pcw3dFPLGUQ3%26oauth_version%3D1.0%26track%3Da%252Cthe%252Ci%252Cyou%252Cu
2016-08-03 16:14:38,084 - oauthlib.oauth1.rfc5849 - DEBUG - Signature: y0jtdGRIDKmHFO7tUjTF9iHNfGI=
2016-08-03 16:14:38,084 - requests_oauthlib.oauth1_auth - DEBUG - Updated url: https://stream.twitter.com/1.1/statuses/filter.json?delimited=length
2016-08-03 16:14:38,084 - requests_oauthlib.oauth1_auth - DEBUG - Updated headers: {u'Content-Length': u'39', u'Content-Type': u'application/x-www-form-urlencoded', u'Authorization': u'OAuth oauth_nonce="30582672914958361511470240878", oauth_timestamp="1470240878", oauth_version="1.0", oauth_signature_method="HMAC-SHA1", oauth_consumer_key="w5NwGVgNGlNbfMEgcPVdcp3z8", oauth_token="3807035249-xktzGi7k8UHo6yw6bJny44DGBV7Pcw3dFPLGUQ3", oauth_signature="y0jtdGRIDKmHFO7tUjTF9iHNfGI%3D"'}
2016-08-03 16:14:38,084 - requests_oauthlib.oauth1_auth - DEBUG - Updated body: u'track=a%2Cthe%2Ci%2Cyou%2Cu&language=en'
2016-08-03 16:14:38,085 - requests.packages.urllib3.connectionpool - INFO - Starting new HTTPS connection (3): stream.twitter.com
2016-08-03 16:14:38,204 - requests.packages.urllib3.connectionpool - DEBUG - "POST /1.1/statuses/filter.json?delimited=length HTTP/1.1" 420 36
2016-08-03 16:14:38,206 - streamparse.stdout - INFO - fail 2
2016-08-03 16:18:38,307 - requests_oauthlib.oauth1_auth - DEBUG - Signing request <PreparedRequest [POST]> using client <Client nonce=None, signature_method=HMAC-SHA1, realm=None, encoding=utf-8, timestamp=None, resource_owner_secret=****, decoding=None, verifier=None, signature_type=AUTH_HEADER, rsa_key=None, resource_owner_key=3807035249-xktzGi7k8UHo6yw6bJny44DGBV7Pcw3dFPLGUQ3, client_secret=****, callback_uri=None, client_key=w5NwGVgNGlNbfMEgcPVdcp3z8>
2016-08-03 16:18:38,307 - requests_oauthlib.oauth1_auth - DEBUG - Including body in call to sign: True
2016-08-03 16:18:38,308 - oauthlib.oauth1.rfc5849 - DEBUG - Collected params: [(u'delimited', u'length'), (u'oauth_nonce', u'132589123357106134821470241118'), (u'oauth_timestamp', u'1470241118'), (u'oauth_consumer_key', u'w5NwGVgNGlNbfMEgcPVdcp3z8'), (u'oauth_signature_method', u'HMAC-SHA1'), (u'oauth_version', u'1.0'), (u'oauth_token', u'3807035249-xktzGi7k8UHo6yw6bJny44DGBV7Pcw3dFPLGUQ3'), (u'track', u'a,the,i,you,u'), (u'language', u'en')]
2016-08-03 16:18:38,308 - oauthlib.oauth1.rfc5849 - DEBUG - Normalized params: delimited=length&language=en&oauth_consumer_key=w5NwGVgNGlNbfMEgcPVdcp3z8&oauth_nonce=132589123357106134821470241118&oauth_signature_method=HMAC-SHA1&oauth_timestamp=1470241118&oauth_token=3807035249-xktzGi7k8UHo6yw6bJny44DGBV7Pcw3dFPLGUQ3&oauth_version=1.0&track=a%2Cthe%2Ci%2Cyou%2Cu
2016-08-03 16:18:38,308 - oauthlib.oauth1.rfc5849 - DEBUG - Normalized URI: https://stream.twitter.com/1.1/statuses/filter.json
2016-08-03 16:18:38,308 - oauthlib.oauth1.rfc5849 - DEBUG - Base signing string: POST&https%3A%2F%2Fstream.twitter.com%2F1.1%2Fstatuses%2Ffilter.json&delimited%3Dlength%26language%3Den%26oauth_consumer_key%3Dw5NwGVgNGlNbfMEgcPVdcp3z8%26oauth_nonce%3D132589123357106134821470241118%26oauth_signature_method%3DHMAC-SHA1%26oauth_timestamp%3D1470241118%26oauth_token%3D3807035249-xktzGi7k8UHo6yw6bJny44DGBV7Pcw3dFPLGUQ3%26oauth_version%3D1.0%26track%3Da%252Cthe%252Ci%252Cyou%252Cu
2016-08-03 16:18:38,309 - oauthlib.oauth1.rfc5849 - DEBUG - Signature: M1t6BDIhhcsG2xGE7KnPpoI+0J0=
2016-08-03 16:18:38,309 - requests_oauthlib.oauth1_auth - DEBUG - Updated url: https://stream.twitter.com/1.1/statuses/filter.json?delimited=length
2016-08-03 16:18:38,309 - requests_oauthlib.oauth1_auth - DEBUG - Updated headers: {u'Content-Length': u'39', u'Content-Type': u'application/x-www-form-urlencoded', u'Authorization': u'OAuth oauth_nonce="132589123357106134821470241118", oauth_timestamp="1470241118", oauth_version="1.0", oauth_signature_method="HMAC-SHA1", oauth_consumer_key="w5NwGVgNGlNbfMEgcPVdcp3z8", oauth_token="3807035249-xktzGi7k8UHo6yw6bJny44DGBV7Pcw3dFPLGUQ3", oauth_signature="M1t6BDIhhcsG2xGE7KnPpoI%2B0J0%3D"'}
2016-08-03 16:18:38,309 - requests_oauthlib.oauth1_auth - DEBUG - Updated body: u'track=a%2Cthe%2Ci%2Cyou%2Cu&language=en'
2016-08-03 16:18:38,310 - requests.packages.urllib3.connectionpool - INFO - Starting new HTTPS connection (4): stream.twitter.com
2016-08-03 16:18:38,486 - requests.packages.urllib3.connectionpool - DEBUG - "POST /1.1/statuses/filter.json?delimited=length HTTP/1.1" 420 36
2016-08-03 16:18:38,488 - streamparse.stdout - INFO - fail 2
